<?xml version="1.0" encoding="UTF-8"?>
<coverage generated="1559656616091" clover="3.2.0">
  <project timestamp="1559656616092" name="All files">
    <metrics statements="77" coveredstatements="74" conditionals="36" coveredconditionals="30" methods="11" coveredmethods="11" elements="124" coveredelements="115" complexity="0" loc="77" ncloc="77" packages="1" files="1" classes="1"/>
    <file name="index.ts" path="/Users/mattscheurich/Dev/smoldate/index.ts">
      <metrics statements="77" coveredstatements="74" conditionals="36" coveredconditionals="30" methods="11" coveredmethods="11"/>
      <line num="4" count="1" type="stmt"/>
      <line num="5" count="1" type="stmt"/>
      <line num="6" count="1" type="stmt"/>
      <line num="7" count="1" type="stmt"/>
      <line num="17" count="1" type="stmt"/>
      <line num="19" count="1" type="stmt"/>
      <line num="21" count="1" type="stmt"/>
      <line num="26" count="1" type="stmt"/>
      <line num="27" count="31" type="stmt"/>
      <line num="29" count="31" type="cond" truecount="2" falsecount="0"/>
      <line num="31" count="1" type="cond" truecount="1" falsecount="1"/>
      <line num="32" count="0" type="stmt"/>
      <line num="35" count="1" type="cond" truecount="1" falsecount="1"/>
      <line num="36" count="0" type="stmt"/>
      <line num="39" count="30" type="stmt"/>
      <line num="42" count="31" type="stmt"/>
      <line num="48" count="1" type="stmt"/>
      <line num="51" count="13" type="cond" truecount="2" falsecount="0"/>
      <line num="52" count="3" type="stmt"/>
      <line num="59" count="10" type="cond" truecount="2" falsecount="0"/>
      <line num="60" count="4" type="stmt"/>
      <line num="65" count="6" type="stmt"/>
      <line num="70" count="6" type="stmt"/>
      <line num="80" count="1" type="stmt"/>
      <line num="81" count="12" type="stmt"/>
      <line num="82" count="12" type="stmt"/>
      <line num="83" count="12" type="stmt"/>
      <line num="96" count="12" type="stmt"/>
      <line num="103" count="12" type="stmt"/>
      <line num="109" count="1" type="stmt"/>
      <line num="110" count="23" type="stmt"/>
      <line num="117" count="23" type="cond" truecount="2" falsecount="0"/>
      <line num="118" count="17" type="stmt"/>
      <line num="119" count="17" type="stmt"/>
      <line num="120" count="17" type="stmt"/>
      <line num="123" count="6" type="cond" truecount="2" falsecount="0"/>
      <line num="124" count="2" type="stmt"/>
      <line num="127" count="4" type="cond" truecount="2" falsecount="0"/>
      <line num="128" count="2" type="stmt"/>
      <line num="129" count="2" type="stmt"/>
      <line num="130" count="2" type="stmt"/>
      <line num="131" count="2" type="stmt"/>
      <line num="132" count="2" type="stmt"/>
      <line num="136" count="2" type="stmt"/>
      <line num="139" count="23" type="stmt"/>
      <line num="145" count="1" type="stmt"/>
      <line num="146" count="8" type="stmt"/>
      <line num="148" count="8" type="cond" truecount="2" falsecount="3"/>
      <line num="149" count="0" type="stmt"/>
      <line num="152" count="8" type="stmt"/>
      <line num="162" count="1" type="stmt"/>
      <line num="164" count="24" type="cond" truecount="2" falsecount="0"/>
      <line num="165" count="11" type="stmt"/>
      <line num="168" count="13" type="cond" truecount="2" falsecount="0"/>
      <line num="169" count="7" type="stmt"/>
      <line num="172" count="6" type="cond" truecount="2" falsecount="0"/>
      <line num="173" count="3" type="stmt"/>
      <line num="177" count="3" type="stmt"/>
      <line num="184" count="1" type="stmt"/>
      <line num="185" count="9" type="stmt"/>
      <line num="186" count="9" type="stmt"/>
      <line num="192" count="1" type="stmt"/>
      <line num="196" count="2" type="stmt"/>
      <line num="202" count="1" type="stmt"/>
      <line num="206" count="2" type="stmt"/>
      <line num="214" count="1" type="stmt"/>
      <line num="215" count="12" type="stmt"/>
      <line num="216" count="12" type="stmt"/>
      <line num="217" count="12" type="stmt"/>
      <line num="218" count="12" type="stmt"/>
      <line num="219" count="12" type="cond" truecount="5" falsecount="0"/>
      <line num="220" count="2" type="stmt"/>
      <line num="222" count="12" type="stmt"/>
      <line num="228" count="11" type="cond" truecount="2" falsecount="0"/>
      <line num="229" count="7" type="stmt"/>
      <line num="230" count="7" type="stmt"/>
      <line num="236" count="7" type="stmt"/>
    </file>
  </project>
</coverage>
