{"/Users/mattscheurich/Dev/smoldate/index.ts": {"path":"/Users/mattscheurich/Dev/smoldate/index.ts","statementMap":{"0":{"start":{"line":4,"column":0},"end":{"line":4,"column":39}},"1":{"start":{"line":5,"column":0},"end":{"line":5,"column":39}},"2":{"start":{"line":6,"column":0},"end":{"line":6,"column":39}},"3":{"start":{"line":7,"column":0},"end":{"line":7,"column":37}},"4":{"start":{"line":17,"column":13},"end":{"line":17,"column":49}},"5":{"start":{"line":19,"column":13},"end":{"line":19,"column":49}},"6":{"start":{"line":21,"column":13},"end":{"line":21,"column":70}},"7":{"start":{"line":27,"column":13},"end":{"line":27,"column":15}},"8":{"start":{"line":29,"column":2},"end":{"line":40,"column":null}},"9":{"start":{"line":31,"column":4},"end":{"line":37,"column":null}},"10":{"start":{"line":32,"column":6},"end":{"line":32,"column":16}},"11":{"start":{"line":35,"column":9},"end":{"line":37,"column":null}},"12":{"start":{"line":36,"column":6},"end":{"line":36,"column":16}},"13":{"start":{"line":39,"column":4},"end":{"line":39,"column":59}},"14":{"start":{"line":42,"column":2},"end":{"line":42,"column":14}},"15":{"start":{"line":26,"column":0},"end":{"line":26,"column":16}},"16":{"start":{"line":51,"column":2},"end":{"line":57,"column":null}},"17":{"start":{"line":52,"column":4},"end":{"line":56,"column":6}},"18":{"start":{"line":59,"column":2},"end":{"line":63,"column":null}},"19":{"start":{"line":60,"column":4},"end":{"line":62,"column":6}},"20":{"start":{"line":65,"column":8},"end":{"line":68,"column":21}},"21":{"start":{"line":65,"column":9},"end":{"line":65,"column":13}},"22":{"start":{"line":65,"column":15},"end":{"line":65,"column":20}},"23":{"start":{"line":65,"column":22},"end":{"line":65,"column":null}},"24":{"start":{"line":70,"column":2},"end":{"line":74,"column":4}},"25":{"start":{"line":48,"column":0},"end":{"line":48,"column":16}},"26":{"start":{"line":81,"column":2},"end":{"line":81,"column":6}},"27":{"start":{"line":82,"column":2},"end":{"line":82,"column":7}},"28":{"start":{"line":83,"column":2},"end":{"line":83,"column":5}},"29":{"start":{"line":96,"column":15},"end":{"line":101,"column":null}},"30":{"start":{"line":103,"column":2},"end":{"line":103,"column":14}},"31":{"start":{"line":80,"column":0},"end":{"line":80,"column":16}},"32":{"start":{"line":110,"column":28},"end":{"line":114,"column":4}},"33":{"start":{"line":117,"column":2},"end":{"line":137,"column":null}},"34":{"start":{"line":118,"column":4},"end":{"line":118,"column":39}},"35":{"start":{"line":119,"column":4},"end":{"line":119,"column":41}},"36":{"start":{"line":120,"column":4},"end":{"line":120,"column":34}},"37":{"start":{"line":123,"column":7},"end":{"line":137,"column":null}},"38":{"start":{"line":124,"column":4},"end":{"line":124,"column":54}},"39":{"start":{"line":127,"column":7},"end":{"line":137,"column":null}},"40":{"start":{"line":128,"column":27},"end":{"line":128,"column":37}},"41":{"start":{"line":129,"column":4},"end":{"line":129,"column":41}},"42":{"start":{"line":130,"column":4},"end":{"line":130,"column":49}},"43":{"start":{"line":131,"column":4},"end":{"line":131,"column":51}},"44":{"start":{"line":132,"column":4},"end":{"line":132,"column":44}},"45":{"start":{"line":136,"column":4},"end":{"line":136,"column":42}},"46":{"start":{"line":139,"column":2},"end":{"line":139,"column":15}},"47":{"start":{"line":109,"column":0},"end":{"line":109,"column":16}},"48":{"start":{"line":146,"column":14},"end":{"line":146,"column":45}},"49":{"start":{"line":148,"column":2},"end":{"line":150,"column":null}},"50":{"start":{"line":149,"column":4},"end":{"line":149,"column":14}},"51":{"start":{"line":152,"column":2},"end":{"line":156,"column":14}},"52":{"start":{"line":145,"column":0},"end":{"line":145,"column":16}},"53":{"start":{"line":164,"column":2},"end":{"line":178,"column":null}},"54":{"start":{"line":165,"column":4},"end":{"line":165,"column":16}},"55":{"start":{"line":168,"column":7},"end":{"line":178,"column":null}},"56":{"start":{"line":169,"column":4},"end":{"line":169,"column":34}},"57":{"start":{"line":172,"column":7},"end":{"line":178,"column":null}},"58":{"start":{"line":173,"column":4},"end":{"line":173,"column":34}},"59":{"start":{"line":177,"column":4},"end":{"line":177,"column":59}},"60":{"start":{"line":162,"column":0},"end":{"line":162,"column":16}},"61":{"start":{"line":185,"column":16},"end":{"line":185,"column":35}},"62":{"start":{"line":186,"column":2},"end":{"line":186,"column":61}},"63":{"start":{"line":184,"column":0},"end":{"line":184,"column":16}},"64":{"start":{"line":196,"column":2},"end":{"line":196,"column":62}},"65":{"start":{"line":192,"column":0},"end":{"line":192,"column":16}},"66":{"start":{"line":206,"column":2},"end":{"line":206,"column":68}},"67":{"start":{"line":202,"column":0},"end":{"line":202,"column":16}},"68":{"start":{"line":215,"column":14},"end":{"line":215,"column":24}},"69":{"start":{"line":216,"column":17},"end":{"line":216,"column":36}},"70":{"start":{"line":217,"column":12},"end":{"line":217,"column":62}},"71":{"start":{"line":218,"column":10},"end":{"line":218,"column":54}},"72":{"start":{"line":219,"column":2},"end":{"line":221,"column":null}},"73":{"start":{"line":220,"column":4},"end":{"line":220,"column":10}},"74":{"start":{"line":222,"column":2},"end":{"line":222,"column":13}},"75":{"start":{"line":214,"column":0},"end":{"line":214,"column":16}},"76":{"start":{"line":228,"column":48},"end":{"line":228,"column":null}},"77":{"start":{"line":229,"column":14},"end":{"line":229,"column":45}},"78":{"start":{"line":230,"column":17},"end":{"line":235,"column":4}},"79":{"start":{"line":236,"column":2},"end":{"line":236,"column":40}},"80":{"start":{"line":228,"column":0},"end":{"line":228,"column":16}}},"fnMap":{"0":{"name":"daysInMonth","decl":{"start":{"line":26,"column":16},"end":{"line":26,"column":27}},"loc":{"start":{"line":26,"column":55},"end":{"line":43,"column":1}}},"1":{"name":"convertStringToYearMonthDay","decl":{"start":{"line":48,"column":16},"end":{"line":48,"column":43}},"loc":{"start":{"line":49,"column":39},"end":{"line":75,"column":1}}},"2":{"name":"convertYearMonthDayToDate","decl":{"start":{"line":80,"column":16},"end":{"line":80,"column":41}},"loc":{"start":{"line":84,"column":15},"end":{"line":104,"column":1}}},"3":{"name":"convertDateToYearMonthDay","decl":{"start":{"line":109,"column":16},"end":{"line":109,"column":41}},"loc":{"start":{"line":109,"column":60},"end":{"line":140,"column":1}}},"4":{"name":"convertDateToString","decl":{"start":{"line":145,"column":16},"end":{"line":145,"column":35}},"loc":{"start":{"line":145,"column":54},"end":{"line":157,"column":1}}},"5":{"name":"getDateObject","decl":{"start":{"line":162,"column":16},"end":{"line":162,"column":29}},"loc":{"start":{"line":162,"column":48},"end":{"line":179,"column":1}}},"6":{"name":"adjustDateByDays","decl":{"start":{"line":184,"column":16},"end":{"line":184,"column":32}},"loc":{"start":{"line":184,"column":68},"end":{"line":187,"column":1}}},"7":{"name":"adjustDateByDaysToString","decl":{"start":{"line":192,"column":16},"end":{"line":192,"column":40}},"loc":{"start":{"line":194,"column":17},"end":{"line":197,"column":1}}},"8":{"name":"adjustDateByDaysToYearMonthDay","decl":{"start":{"line":202,"column":16},"end":{"line":202,"column":46}},"loc":{"start":{"line":204,"column":17},"end":{"line":207,"column":1}}},"9":{"name":"getAge","decl":{"start":{"line":214,"column":16},"end":{"line":214,"column":22}},"loc":{"start":{"line":214,"column":41},"end":{"line":223,"column":1}}},"10":{"name":"validateAge","decl":{"start":{"line":228,"column":16},"end":{"line":228,"column":27}},"loc":{"start":{"line":228,"column":63},"end":{"line":237,"column":1}}}},"branchMap":{"0":{"loc":{"start":{"line":29,"column":2},"end":{"line":40,"column":null}},"type":"if","locations":[{"start":{"line":29,"column":2},"end":{"line":40,"column":null}},{"start":{"line":29,"column":2},"end":{"line":40,"column":null}}]},"1":{"loc":{"start":{"line":31,"column":4},"end":{"line":37,"column":null}},"type":"if","locations":[{"start":{"line":31,"column":4},"end":{"line":37,"column":null}},{"start":{"line":31,"column":4},"end":{"line":37,"column":null}}]},"2":{"loc":{"start":{"line":35,"column":9},"end":{"line":37,"column":null}},"type":"if","locations":[{"start":{"line":35,"column":9},"end":{"line":37,"column":null}},{"start":{"line":35,"column":9},"end":{"line":37,"column":null}}]},"3":{"loc":{"start":{"line":51,"column":2},"end":{"line":57,"column":null}},"type":"if","locations":[{"start":{"line":51,"column":2},"end":{"line":57,"column":null}},{"start":{"line":51,"column":2},"end":{"line":57,"column":null}}]},"4":{"loc":{"start":{"line":59,"column":2},"end":{"line":63,"column":null}},"type":"if","locations":[{"start":{"line":59,"column":2},"end":{"line":63,"column":null}},{"start":{"line":59,"column":2},"end":{"line":63,"column":null}}]},"5":{"loc":{"start":{"line":117,"column":2},"end":{"line":137,"column":null}},"type":"if","locations":[{"start":{"line":117,"column":2},"end":{"line":137,"column":null}},{"start":{"line":117,"column":2},"end":{"line":137,"column":null}}]},"6":{"loc":{"start":{"line":123,"column":7},"end":{"line":137,"column":null}},"type":"if","locations":[{"start":{"line":123,"column":7},"end":{"line":137,"column":null}},{"start":{"line":123,"column":7},"end":{"line":137,"column":null}}]},"7":{"loc":{"start":{"line":127,"column":7},"end":{"line":137,"column":null}},"type":"if","locations":[{"start":{"line":127,"column":7},"end":{"line":137,"column":null}},{"start":{"line":127,"column":7},"end":{"line":137,"column":null}}]},"8":{"loc":{"start":{"line":148,"column":2},"end":{"line":150,"column":null}},"type":"if","locations":[{"start":{"line":148,"column":2},"end":{"line":150,"column":null}},{"start":{"line":148,"column":2},"end":{"line":150,"column":null}}]},"9":{"loc":{"start":{"line":148,"column":6},"end":{"line":148,"column":17}},"type":"binary-expr","locations":[{"start":{"line":148,"column":6},"end":{"line":148,"column":17}},{"start":{"line":148,"column":21},"end":{"line":148,"column":33}},{"start":{"line":148,"column":37},"end":{"line":148,"column":47}}]},"10":{"loc":{"start":{"line":164,"column":2},"end":{"line":178,"column":null}},"type":"if","locations":[{"start":{"line":164,"column":2},"end":{"line":178,"column":null}},{"start":{"line":164,"column":2},"end":{"line":178,"column":null}}]},"11":{"loc":{"start":{"line":168,"column":7},"end":{"line":178,"column":null}},"type":"if","locations":[{"start":{"line":168,"column":7},"end":{"line":178,"column":null}},{"start":{"line":168,"column":7},"end":{"line":178,"column":null}}]},"12":{"loc":{"start":{"line":172,"column":7},"end":{"line":178,"column":null}},"type":"if","locations":[{"start":{"line":172,"column":7},"end":{"line":178,"column":null}},{"start":{"line":172,"column":7},"end":{"line":178,"column":null}}]},"13":{"loc":{"start":{"line":219,"column":2},"end":{"line":221,"column":null}},"type":"if","locations":[{"start":{"line":219,"column":2},"end":{"line":221,"column":null}},{"start":{"line":219,"column":2},"end":{"line":221,"column":null}}]},"14":{"loc":{"start":{"line":219,"column":6},"end":{"line":219,"column":11}},"type":"binary-expr","locations":[{"start":{"line":219,"column":6},"end":{"line":219,"column":11}},{"start":{"line":219,"column":16},"end":{"line":219,"column":23}},{"start":{"line":219,"column":27},"end":{"line":219,"column":69}}]},"15":{"loc":{"start":{"line":228,"column":48},"end":{"line":228,"column":null}},"type":"if","locations":[{"start":{"line":228,"column":48},"end":{"line":228,"column":null}},{"start":{"line":228,"column":48},"end":{"line":228,"column":null}}]},"16":{"loc":{"start":{"line":234,"column":10},"end":{"line":234,"column":20}},"type":"binary-expr","locations":[{"start":{"line":234,"column":10},"end":{"line":234,"column":20}},{"start":{"line":234,"column":24},"end":{"line":234,"column":70}}]}},"s":{"0":1,"1":1,"2":1,"3":1,"4":1,"5":1,"6":1,"7":31,"8":31,"9":1,"10":0,"11":1,"12":0,"13":30,"14":31,"15":1,"16":13,"17":3,"18":10,"19":4,"20":6,"21":6,"22":6,"23":6,"24":6,"25":1,"26":12,"27":12,"28":12,"29":12,"30":12,"31":1,"32":23,"33":23,"34":17,"35":17,"36":17,"37":6,"38":2,"39":4,"40":2,"41":2,"42":2,"43":2,"44":2,"45":2,"46":23,"47":1,"48":8,"49":8,"50":0,"51":8,"52":1,"53":24,"54":11,"55":13,"56":7,"57":6,"58":3,"59":3,"60":1,"61":9,"62":9,"63":1,"64":2,"65":1,"66":2,"67":1,"68":12,"69":12,"70":12,"71":12,"72":12,"73":2,"74":12,"75":1,"76":11,"77":7,"78":7,"79":7,"80":1},"f":{"0":31,"1":13,"2":12,"3":23,"4":8,"5":24,"6":9,"7":2,"8":2,"9":12,"10":7},"b":{"0":[1,30],"1":[0,1],"2":[0,1],"3":[3,10],"4":[4,6],"5":[17,6],"6":[2,4],"7":[2,2],"8":[0,8],"9":[8,0,0],"10":[11,13],"11":[7,6],"12":[3,3],"13":[2,10],"14":[12,12,12],"15":[4,3],"16":[7,0]}}
}
