TN:
SF:/Users/mattscheurich/Dev/smoldate/index.ts
FN:26,daysInMonth
FN:48,convertStringToYearMonthDay
FN:80,convertYearMonthDayToDate
FN:109,convertDateToYearMonthDay
FN:145,convertDateToString
FN:162,getDateObject
FN:184,adjustDateByDays
FN:192,adjustDateByDaysToString
FN:202,adjustDateByDaysToYearMonthDay
FN:214,getAge
FN:228,validateAge
FNF:11
FNH:11
FNDA:31,daysInMonth
FNDA:13,convertStringToYearMonthDay
FNDA:12,convertYearMonthDayToDate
FNDA:23,convertDateToYearMonthDay
FNDA:8,convertDateToString
FNDA:24,getDateObject
FNDA:9,adjustDateByDays
FNDA:2,adjustDateByDaysToString
FNDA:2,adjustDateByDaysToYearMonthDay
FNDA:12,getAge
FNDA:7,validateAge
DA:4,1
DA:5,1
DA:6,1
DA:7,1
DA:17,1
DA:19,1
DA:21,1
DA:26,1
DA:27,31
DA:29,31
DA:31,1
DA:32,0
DA:35,1
DA:36,0
DA:39,30
DA:42,31
DA:48,1
DA:51,13
DA:52,3
DA:59,10
DA:60,4
DA:65,6
DA:70,6
DA:80,1
DA:81,12
DA:82,12
DA:83,12
DA:96,12
DA:103,12
DA:109,1
DA:110,23
DA:117,23
DA:118,17
DA:119,17
DA:120,17
DA:123,6
DA:124,2
DA:127,4
DA:128,2
DA:129,2
DA:130,2
DA:131,2
DA:132,2
DA:136,2
DA:139,23
DA:145,1
DA:146,8
DA:148,8
DA:149,0
DA:152,8
DA:162,1
DA:164,24
DA:165,11
DA:168,13
DA:169,7
DA:172,6
DA:173,3
DA:177,3
DA:184,1
DA:185,9
DA:186,9
DA:192,1
DA:196,2
DA:202,1
DA:206,2
DA:214,1
DA:215,12
DA:216,12
DA:217,12
DA:218,12
DA:219,12
DA:220,2
DA:222,12
DA:228,11
DA:229,7
DA:230,7
DA:236,7
LF:77
LH:74
BRDA:29,0,0,1
BRDA:29,0,1,30
BRDA:31,1,0,0
BRDA:31,1,1,1
BRDA:35,2,0,0
BRDA:35,2,1,1
BRDA:51,3,0,3
BRDA:51,3,1,10
BRDA:59,4,0,4
BRDA:59,4,1,6
BRDA:117,5,0,17
BRDA:117,5,1,6
BRDA:123,6,0,2
BRDA:123,6,1,4
BRDA:127,7,0,2
BRDA:127,7,1,2
BRDA:148,8,0,0
BRDA:148,8,1,8
BRDA:148,9,0,8
BRDA:148,9,1,0
BRDA:148,9,2,0
BRDA:164,10,0,11
BRDA:164,10,1,13
BRDA:168,11,0,7
BRDA:168,11,1,6
BRDA:172,12,0,3
BRDA:172,12,1,3
BRDA:219,13,0,2
BRDA:219,13,1,10
BRDA:219,14,0,12
BRDA:219,14,1,12
BRDA:219,14,2,12
BRDA:228,15,0,4
BRDA:228,15,1,3
BRDA:234,16,0,7
BRDA:234,16,1,0
BRF:36
BRH:30
end_of_record
